<?xml version="1.0" encoding="UTF-8"?>
<!-- Generated by org.testng.reporters.JUnitXMLReporter -->
<testsuite ignored="4" hostname="D29RT883" failures="0" tests="5" name="Test" time="316.75" errors="0" timestamp="2026-08-12T16:15:50 IST">
  <testcase classname="com.company.tests.VerifyDeleteProfileImage" name="verifyUserIsAbleToDeleteProfileImage" time="60.187"/>
  <testcase classname="com.company.tests.VerifyTheProfilefunctionality" name="verifyProfileFunctionality" time="56.986"/>
  <testcase classname="com.company.tests.VerifyTheRecentlyViewed" name="verifyTheRecentlyViewed" time="60.791"/>
  <testcase classname="com.company.tests.LoginToZomato" name="validLogin" time="56.132"/>
  <testcase classname="com.company.tests.VerifyUploadImage" name="verifyUserIsAbleToUploadImage" time="58.545"/>
  <testcase classname="com.company.framework.base.BaseTest" name="@BeforeSuite beforeSuite" time="0.0">
    <ignored/>
  </testcase> <!-- @BeforeSuite beforeSuite -->
  <testcase classname="com.company.framework.base.BaseTest" name="@BeforeSuite beforeSuite" time="0.0">
    <ignored/>
  </testcase> <!-- @BeforeSuite beforeSuite -->
  <testcase classname="com.company.framework.base.BaseTest" name="@BeforeSuite beforeSuite" time="0.0">
    <ignored/>
  </testcase> <!-- @BeforeSuite beforeSuite -->
  <testcase classname="com.company.framework.base.BaseTest" name="@BeforeSuite beforeSuite" time="0.0">
    <ignored/>
  </testcase> <!-- @BeforeSuite beforeSuite -->
</testsuite> <!-- Test -->
