<?xml version="1.0" encoding="UTF-8"?>
<testng-results ignored="0" total="1" passed="1" failed="0" skipped="0">
  <reporter-output>
  </reporter-output>
  <suite started-at="2026-08-10T11:16:22 IST" name="Default suite" finished-at="2026-08-10T11:16:32 IST" duration-ms="9882">
    <groups>
    </groups>
    <test started-at="2026-08-10T11:16:22 IST" name="Default test" finished-at="2026-08-10T11:16:32 IST" duration-ms="9882">
      <class name="com.company.tests.SampleTest">
        <test-method is-config="true" signature="beforeSuite()[pri:0, instance:com.company.tests.SampleTest@1c25b8a7]" started-at="2026-08-10T11:16:22 IST" name="beforeSuite" finished-at="2026-08-10T11:16:22 IST" duration-ms="36" status="PASS">
          <reporter-output>
          </reporter-output>
        </test-method> <!-- beforeSuite -->
        <test-method is-config="true" signature="setUp(java.lang.reflect.Method)[pri:0, instance:com.company.tests.SampleTest@1c25b8a7]" started-at="2026-08-10T11:16:22 IST" name="setUp" finished-at="2026-08-10T11:16:31 IST" duration-ms="9607" status="PASS">
          <params>
            <param index="0">
              <value>
                <![CDATA[public void com.company.tests.SampleTest.validLogin()]]>
              </value>
            </param>
          </params>
          <reporter-output>
          </reporter-output>
        </test-method> <!-- setUp -->
        <test-method signature="validLogin()[pri:0, instance:com.company.tests.SampleTest@1c25b8a7]" started-at="2026-08-10T11:16:31 IST" name="validLogin" finished-at="2026-08-10T11:16:32 IST" duration-ms="220" status="PASS">
          <reporter-output>
          </reporter-output>
        </test-method> <!-- validLogin -->
      </class> <!-- com.company.tests.SampleTest -->
    </test> <!-- Default test -->
  </suite> <!-- Default suite -->
</testng-results>
