<?xml version="1.0" encoding="UTF-8"?>
<testng-results ignored="0" total="5" passed="5" failed="0" skipped="0">
  <reporter-output>
  </reporter-output>
  <suite started-at="2026-08-12T16:10:33 IST" name="Yashas" finished-at="2026-08-12T16:15:50 IST" duration-ms="316750">
    <groups>
    </groups>
    <test started-at="2026-08-12T16:10:33 IST" name="Test" finished-at="2026-08-12T16:15:50 IST" duration-ms="316750">
      <class name="com.company.tests.VerifyDeleteProfileImage">
        <test-method is-config="true" signature="beforeSuite()[pri:0, instance:com.company.tests.VerifyDeleteProfileImage@1bb1fde8]" started-at="2026-08-12T16:10:33 IST" name="beforeSuite" finished-at="2026-08-12T16:10:33 IST" duration-ms="22" status="PASS">
          <reporter-output>
          </reporter-output>
        </test-method> <!-- beforeSuite -->
        <test-method is-config="true" signature="setUp(java.lang.reflect.Method)[pri:0, instance:com.company.tests.VerifyDeleteProfileImage@1bb1fde8]" started-at="2026-08-12T16:10:33 IST" name="setUp" finished-at="2026-08-12T16:10:39 IST" duration-ms="5792" status="PASS">
          <params>
            <param index="0">
              <value>
                <![CDATA[public void com.company.tests.VerifyDeleteProfileImage.verifyUserIsAbleToDeleteProfileImage()]]>
              </value>
            </param>
          </params>
          <reporter-output>
          </reporter-output>
        </test-method> <!-- setUp -->
        <test-method signature="verifyUserIsAbleToDeleteProfileImage()[pri:0, instance:com.company.tests.VerifyDeleteProfileImage@1bb1fde8]" started-at="2026-08-12T16:10:39 IST" name="verifyUserIsAbleToDeleteProfileImage" finished-at="2026-08-12T16:11:39 IST" duration-ms="60187" status="PASS">
          <reporter-output>
          </reporter-output>
        </test-method> <!-- verifyUserIsAbleToDeleteProfileImage -->
      </class> <!-- com.company.tests.VerifyDeleteProfileImage -->
      <class name="com.company.tests.VerifyTheProfilefunctionality">
        <test-method is-config="true" signature="setUp(java.lang.reflect.Method)[pri:0, instance:com.company.tests.VerifyTheProfilefunctionality@30990c1b]" started-at="2026-08-12T16:11:39 IST" name="setUp" finished-at="2026-08-12T16:11:43 IST" duration-ms="3998" status="PASS">
          <params>
            <param index="0">
              <value>
                <![CDATA[public void com.company.tests.VerifyTheProfilefunctionality.verifyProfileFunctionality()]]>
              </value>
            </param>
          </params>
          <reporter-output>
          </reporter-output>
        </test-method> <!-- setUp -->
        <test-method signature="verifyProfileFunctionality()[pri:0, instance:com.company.tests.VerifyTheProfilefunctionality@30990c1b]" started-at="2026-08-12T16:11:43 IST" name="verifyProfileFunctionality" finished-at="2026-08-12T16:12:40 IST" duration-ms="56986" status="PASS">
          <reporter-output>
          </reporter-output>
        </test-method> <!-- verifyProfileFunctionality -->
      </class> <!-- com.company.tests.VerifyTheProfilefunctionality -->
      <class name="com.company.tests.VerifyTheRecentlyViewed">
        <test-method is-config="true" signature="setUp(java.lang.reflect.Method)[pri:0, instance:com.company.tests.VerifyTheRecentlyViewed@2453f95d]" started-at="2026-08-12T16:12:40 IST" name="setUp" finished-at="2026-08-12T16:12:45 IST" duration-ms="5119" status="PASS">
          <params>
            <param index="0">
              <value>
                <![CDATA[public void com.company.tests.VerifyTheRecentlyViewed.verifyTheRecentlyViewed()]]>
              </value>
            </param>
          </params>
          <reporter-output>
          </reporter-output>
        </test-method> <!-- setUp -->
        <test-method signature="verifyTheRecentlyViewed()[pri:0, instance:com.company.tests.VerifyTheRecentlyViewed@2453f95d]" started-at="2026-08-12T16:12:45 IST" name="verifyTheRecentlyViewed" finished-at="2026-08-12T16:13:46 IST" duration-ms="60791" status="PASS">
          <reporter-output>
          </reporter-output>
        </test-method> <!-- verifyTheRecentlyViewed -->
      </class> <!-- com.company.tests.VerifyTheRecentlyViewed -->
      <class name="com.company.tests.VerifyUploadImage">
        <test-method is-config="true" signature="setUp(java.lang.reflect.Method)[pri:0, instance:com.company.tests.VerifyUploadImage@2dbe250d]" started-at="2026-08-12T16:14:48 IST" name="setUp" finished-at="2026-08-12T16:14:52 IST" duration-ms="3996" status="PASS">
          <params>
            <param index="0">
              <value>
                <![CDATA[public void com.company.tests.VerifyUploadImage.verifyUserIsAbleToUploadImage()]]>
              </value>
            </param>
          </params>
          <reporter-output>
          </reporter-output>
        </test-method> <!-- setUp -->
        <test-method signature="verifyUserIsAbleToUploadImage()[pri:0, instance:com.company.tests.VerifyUploadImage@2dbe250d]" started-at="2026-08-12T16:14:52 IST" name="verifyUserIsAbleToUploadImage" finished-at="2026-08-12T16:15:50 IST" duration-ms="58545" status="PASS">
          <reporter-output>
          </reporter-output>
        </test-method> <!-- verifyUserIsAbleToUploadImage -->
      </class> <!-- com.company.tests.VerifyUploadImage -->
      <class name="com.company.tests.LoginToZomato">
        <test-method is-config="true" signature="setUp(java.lang.reflect.Method)[pri:0, instance:com.company.tests.LoginToZomato@44828f6b]" started-at="2026-08-12T16:13:46 IST" name="setUp" finished-at="2026-08-12T16:13:51 IST" duration-ms="5166" status="PASS">
          <params>
            <param index="0">
              <value>
                <![CDATA[public void com.company.tests.LoginToZomato.validLogin()]]>
              </value>
            </param>
          </params>
          <reporter-output>
          </reporter-output>
        </test-method> <!-- setUp -->
        <test-method signature="validLogin()[pri:0, instance:com.company.tests.LoginToZomato@44828f6b]" started-at="2026-08-12T16:13:51 IST" name="validLogin" finished-at="2026-08-12T16:14:48 IST" duration-ms="56132" status="PASS">
          <reporter-output>
          </reporter-output>
        </test-method> <!-- validLogin -->
      </class> <!-- com.company.tests.LoginToZomato -->
    </test> <!-- Test -->
  </suite> <!-- Yashas -->
</testng-results>
